0 info it worked if it ends with ok
1 verbose cli [ '/Users/calm/.asdf/installs/nodejs/6.11.4/bin/node',
1 verbose cli   '/Users/calm/.asdf/installs/nodejs/6.11.4/bin/npm',
1 verbose cli   'install',
1 verbose cli   'git+https://github.com/nblackburn/vue-brunch.git#dev',
1 verbose cli   '--save-dev' ]
2 info using npm@3.10.10
3 info using node@v6.11.4
4 silly loadCurrentTree Starting
5 silly install loadCurrentTree
6 silly install readLocalPackageData
7 silly fetchPackageMetaData git+https://github.com/nblackburn/vue-brunch.git#dev
8 silly fetchOtherPackageData git+https://github.com/nblackburn/vue-brunch.git#dev
9 silly cache add args [ 'git+https://github.com/nblackburn/vue-brunch.git#dev', null ]
10 verbose cache add spec git+https://github.com/nblackburn/vue-brunch.git#dev
11 silly cache add parsed spec Result {
11 silly cache add   raw: 'git+https://github.com/nblackburn/vue-brunch.git#dev',
11 silly cache add   scope: null,
11 silly cache add   escapedName: null,
11 silly cache add   name: null,
11 silly cache add   rawSpec: 'git+https://github.com/nblackburn/vue-brunch.git#dev',
11 silly cache add   spec: 'git+https://github.com/nblackburn/vue-brunch.git#dev',
11 silly cache add   type: 'hosted',
11 silly cache add   hosted:
11 silly cache add    { type: 'github',
11 silly cache add      ssh: 'git@github.com:nblackburn/vue-brunch.git#dev',
11 silly cache add      sshUrl: 'git+ssh://git@github.com/nblackburn/vue-brunch.git#dev',
11 silly cache add      httpsUrl: 'git+https://github.com/nblackburn/vue-brunch.git#dev',
11 silly cache add      gitUrl: 'git://github.com/nblackburn/vue-brunch.git#dev',
11 silly cache add      shortcut: 'github:nblackburn/vue-brunch#dev',
11 silly cache add      directUrl: 'https://raw.githubusercontent.com/nblackburn/vue-brunch/dev/package.json' } }
12 verbose addRemoteGit caching git+https://github.com/nblackburn/vue-brunch.git#dev
13 verbose addRemoteGit git+https://github.com/nblackburn/vue-brunch.git#dev is a repository hosted by github
14 silly tryClone cloning git+https://github.com/nblackburn/vue-brunch.git#dev via git+https://github.com/nblackburn/vue-brunch.git#dev
15 verbose tryClone git-https-github-com-nblackburn-vue-brunch-git-dev-8671b174 not in flight; caching
16 verbose correctMkdir /Users/calm/.npm/_git-remotes correctMkdir not in flight; initializing
17 info git [ 'config', '--get', 'remote.origin.url' ]
18 silly validateExistingRemote git+https://github.com/nblackburn/vue-brunch.git#dev remote.origin.url: https://github.com/nblackburn/vue-brunch.git
19 verbose validateExistingRemote git+https://github.com/nblackburn/vue-brunch.git#dev is updating existing cached remote /Users/calm/.npm/_git-remotes/git-https-github-com-nblackburn-vue-brunch-git-dev-8671b174
20 info git [ 'fetch', '-a', 'origin' ]
21 verbose updateRemote git fetch -a origin (https://github.com/nblackburn/vue-brunch.git)
22 verbose correctMkdir /Users/calm/.npm/_git-remotes correctMkdir not in flight; initializing
23 verbose setPermissions git+https://github.com/nblackburn/vue-brunch.git#dev set permissions on /Users/calm/.npm/_git-remotes/git-https-github-com-nblackburn-vue-brunch-git-dev-8671b174
24 verbose resolveHead git+https://github.com/nblackburn/vue-brunch.git#dev original treeish: dev
25 info git [ 'rev-list', '-n1', 'dev' ]
26 error git rev-list -n1 dev: fatal: ambiguous argument 'dev': unknown revision or path not in the working tree.
26 error git rev-list -n1 dev: Use '--' to separate paths from revisions, like this:
26 error git rev-list -n1 dev: 'git <command> [<revision>...] -- [<file>...]'
27 silly fetchPackageMetaData Error: Command failed: git rev-list -n1 dev
27 silly fetchPackageMetaData fatal: ambiguous argument 'dev': unknown revision or path not in the working tree.
27 silly fetchPackageMetaData Use '--' to separate paths from revisions, like this:
27 silly fetchPackageMetaData 'git <command> [<revision>...] -- [<file>...]'
27 silly fetchPackageMetaData
27 silly fetchPackageMetaData     at ChildProcess.exithandler (child_process.js:198:12)
27 silly fetchPackageMetaData     at emitTwo (events.js:106:13)
27 silly fetchPackageMetaData     at ChildProcess.emit (events.js:191:7)
27 silly fetchPackageMetaData     at maybeClose (internal/child_process.js:920:16)
27 silly fetchPackageMetaData     at Socket.<anonymous> (internal/child_process.js:351:11)
27 silly fetchPackageMetaData     at emitOne (events.js:96:13)
27 silly fetchPackageMetaData     at Socket.emit (events.js:188:7)
27 silly fetchPackageMetaData     at Pipe._handle.close [as _onclose] (net.js:497:12)
27 silly fetchPackageMetaData  error for git+https://github.com/nblackburn/vue-brunch.git#dev { Error: Command failed: git rev-list -n1 dev
27 silly fetchPackageMetaData fatal: ambiguous argument 'dev': unknown revision or path not in the working tree.
27 silly fetchPackageMetaData Use '--' to separate paths from revisions, like this:
27 silly fetchPackageMetaData 'git <command> [<revision>...] -- [<file>...]'
27 silly fetchPackageMetaData
27 silly fetchPackageMetaData     at ChildProcess.exithandler (child_process.js:198:12)
27 silly fetchPackageMetaData     at emitTwo (events.js:106:13)
27 silly fetchPackageMetaData     at ChildProcess.emit (events.js:191:7)
27 silly fetchPackageMetaData     at maybeClose (internal/child_process.js:920:16)
27 silly fetchPackageMetaData     at Socket.<anonymous> (internal/child_process.js:351:11)
27 silly fetchPackageMetaData     at emitOne (events.js:96:13)
27 silly fetchPackageMetaData     at Socket.emit (events.js:188:7)
27 silly fetchPackageMetaData     at Pipe._handle.close [as _onclose] (net.js:497:12)
27 silly fetchPackageMetaData   killed: false,
27 silly fetchPackageMetaData   code: 128,
27 silly fetchPackageMetaData   signal: null,
27 silly fetchPackageMetaData   cmd: 'git rev-list -n1 dev' }
28 silly rollbackFailedOptional Starting
29 silly rollbackFailedOptional Finishing
30 silly runTopLevelLifecycles Finishing
31 silly install printInstalled
32 verbose stack Error: Command failed: git rev-list -n1 dev
32 verbose stack fatal: ambiguous argument 'dev': unknown revision or path not in the working tree.
32 verbose stack Use '--' to separate paths from revisions, like this:
32 verbose stack 'git <command> [<revision>...] -- [<file>...]'
32 verbose stack
32 verbose stack     at ChildProcess.exithandler (child_process.js:198:12)
32 verbose stack     at emitTwo (events.js:106:13)
32 verbose stack     at ChildProcess.emit (events.js:191:7)
32 verbose stack     at maybeClose (internal/child_process.js:920:16)
32 verbose stack     at Socket.<anonymous> (internal/child_process.js:351:11)
32 verbose stack     at emitOne (events.js:96:13)
32 verbose stack     at Socket.emit (events.js:188:7)
32 verbose stack     at Pipe._handle.close [as _onclose] (net.js:497:12)
33 verbose cwd /Users/calm/Documents/projects/elixir/elixir-pastime-things/web_list_app/web_list/apps/web_flow
34 error Darwin 15.6.0
35 error argv "/Users/calm/.asdf/installs/nodejs/6.11.4/bin/node" "/Users/calm/.asdf/installs/nodejs/6.11.4/bin/npm" "install" "git+https://github.com/nblackburn/vue-brunch.git#dev" "--save-dev"
36 error node v6.11.4
37 error npm  v3.10.10
38 error code 128
39 error Command failed: git rev-list -n1 dev
39 error fatal: ambiguous argument 'dev': unknown revision or path not in the working tree.
39 error Use '--' to separate paths from revisions, like this:
39 error 'git <command> [<revision>...] -- [<file>...]'
40 error If you need help, you may report this error at:
40 error     <https://github.com/npm/npm/issues>
41 verbose exit [ 1, true ]
